This is LuaTeX, Version 1.10.0 (TeX Live 2019)  (format=lualatex 2019.6.4)  11 JUN 2019 12:41
 restricted system commands enabled.
**HUBerlin-letter.tex
(./HUBerlin-letter.tex
LaTeX2e <2018-12-01>
Lua module: luaotfload-main 2019-05-18 2.97 luaotfload entry point
Lua module: luaotfload-init 2019-05-18 2.97 luaotfload submodule / initializatio
n
Lua module: lualibs 2019-05-18 2.65 ConTeXt Lua standard libraries.
Lua module: lualibs-extended 2019-05-18 2.65 ConTeXt Lua libraries -- extended c
ollection.
Lua module: luaotfload-log 2019-05-18 2.97 luaotfload submodule / logging
Lua module: luaotfload-parsers 2019-05-18 2.97 luaotfload submodule / filelist
Lua module: luaotfload-configuration 2019-05-18 2.97 luaotfload submodule / conf
ig file reader
luaotfload | conf : Root cache directory is /usr/local/texlive/2019/texmf-var/lu
atex-cache/generic/names.
luaotfload | init : Loading fontloader “fontloader-2019-05-18.lua” from kpse
-resolved path “/usr/local/texlive/2019/texmf-dist/tex/luatex/luaotfload/fontl
oader-2019-05-18.lua”.
Lua-only attribute luaotfload@state = 2
Lua-only attribute luaotfload@noligature = 3
Lua-only attribute luaotfload@syllabe = 4
luaotfload | init : Context OpenType loader version “3.108”
Inserting `luaotfload.node_processor' at position 1 in `pre_linebreak_filter'.
Inserting `luaotfload.node_processor' at position 1 in `hpack_filter'.
Lua module: luaotfload-loaders 2019-05-18 2.97 luaotfload submodule / callback h
andling
Inserting `luaotfload.define_font' at position 1 in `define_font'.
Lua module: luaotfload-database 2019-05-18 2.97 luaotfload submodule / database
Lua module: luaotfload-colors 2019-05-18 2.97 luaotfload submodule / color
Lua-only attribute luaotfload_color_attribute = 5
Lua module: luaotfload-resolvers 2019-05-18 2.97 luaotfload submodule / resolver
s
luaotfload | conf : Root cache directory is /usr/local/texlive/2019/texmf-var/lu
atex-cache/generic/names.
Lua module: luaotfload-features 2019-05-18 2.97 luaotfload submodule / features
Lua module: luaotfload-letterspace 2019-05-18 2.97 luaotfload submodule / color
Lua module: luaotfload-auxiliary 2019-05-18 2.97 luaotfload submodule / auxiliar
y functions
Inserting `luaotfload.aux.set_sscale_dimens' at position 1 in `luaotfload.patch_
font'.
Inserting `luaotfload.aux.patch_cambria_domh' at position 2 in `luaotfload.patch
_font'.
Inserting `luaotfload.aux.fixup_fontdata' at position 1 in `luaotfload.patch_fon
t_unsafe'.
Inserting `luaotfload.aux.set_capheight' at position 3 in `luaotfload.patch_font
'.
Inserting `luaotfload.rewrite_fontname' at position 4 in `luaotfload.patch_font'
.
luaotfload | main : initialization completed in 0.070 seconds
(./HUBerlin-letter.cls
Document Class: HUBerlin-letter 2019/06/06 v0.0.2\ Humboldt-Universit"at zu Berl
in - letter documentclass
Class HUBerlin Info: * * * HUBerlin * * *
(HUBerlin)           Part of the HUBerlin Bundle  on input line 23.
(/usr/local/texlive/2019/texmf-dist/tex/latex/koma-script/scrlttr2.cls
Document Class: scrlttr2 2019/02/01 v3.26b KOMA-Script document class (letter)
(/usr/local/texlive/2019/texmf-dist/tex/latex/koma-script/scrkbase.sty
Package: scrkbase 2019/02/01 v3.26b KOMA-Script package (KOMA-Script-dependent b
asics and keyval usage)

(/usr/local/texlive/2019/texmf-dist/tex/latex/koma-script/scrbase.sty
Package: scrbase 2019/02/01 v3.26b KOMA-Script package (KOMA-Script-independent 
basics and keyval usage)

(/usr/local/texlive/2019/texmf-dist/tex/latex/graphics/keyval.sty
Package: keyval 2014/10/28 v1.15 key=value parser (DPC)
\KV@toks@=\toks14
)
(/usr/local/texlive/2019/texmf-dist/tex/latex/koma-script/scrlfile.sty
Package: scrlfile 2019/02/01 v3.26b KOMA-Script package (loading files)
)))
Class scrlttr2 Info: Switching compatibility level to `last'.
Class scrlttr2 Info: File `scrsize10pt.clo' used to setup font sizes on input li
ne 1838.

(/usr/local/texlive/2019/texmf-dist/tex/latex/koma-script/scrsize10pt.clo
File: scrsize10pt.clo 2019/02/01 v3.26b KOMA-Script font size class option (10pt
)
luaotfload | db : Font names database loaded from /usr/local/texlive/2019/texmf-
var/luatex-cache/generic/names/luaotfload-names.luc)
(/usr/local/texlive/2019/texmf-dist/tex/latex/koma-script/typearea.sty
Package: typearea 2019/02/01 v3.26b KOMA-Script package (type area)
\ta@bcor=\skip41
\ta@div=\count80
\ta@hblk=\skip42
\ta@vblk=\skip43
\ta@temp=\skip44
\footheight=\skip45
Package typearea Info: These are the values describing the layout:
(typearea)             DIV  = 8
(typearea)             BCOR = 0.0pt
(typearea)             \paperwidth      = 597.50793pt
(typearea)              \textwidth      = 373.44246pt
(typearea)              DIV departure   = -4%
(typearea)              \evensidemargin = 39.76274pt
(typearea)              \oddsidemargin  = 39.76274pt
(typearea)             \paperheight     = 845.04694pt
(typearea)              \textheight     = 538.0pt
(typearea)              \topmargin      = 0.36087pt
(typearea)              \headheight     = 15.0pt
(typearea)              \headsep        = 18.0pt
(typearea)              \topskip        = 10.0pt
(typearea)              \footskip       = 42.0pt
(typearea)              \baselineskip   = 12.0pt
(typearea)              on input line 1715.
)
\c@letter=\count81
)
Class scrlttr2 Info: Letter-Class-Option `DIN' loaded on input line 29.

(/usr/local/texlive/2019/texmf-dist/tex/latex/koma-script/DIN.lco
File: DIN.lco 2019/02/01 v3.26b KOMA-Script letter-class-option
)
(/usr/local/texlive/2019/texmf-dist/tex/generic/oberdiek/ifluatex.sty
Package: ifluatex 2016/05/16 v1.4 Provides the ifluatex switch (HO)
Package ifluatex Info: LuaTeX detected.
)
(/usr/local/texlive/2019/texmf-dist/tex/generic/luatex85/luatex85.sty
Package: luatex85 2016/06/15 v1.4 pdftex aliases for luatex
)
(/usr/local/texlive/2019/texmf-dist/tex/generic/babel/babel.sty
Package: babel 2019/06/03 3.32 The Babel package

(/usr/local/texlive/2019/texmf-dist/tex/generic/babel/switch.def
File: switch.def 2019/06/03 3.32 Babel switching mechanism
)
(/usr/local/texlive/2019/texmf-dist/tex/generic/babel/luababel.def
\l@dumylang=\language2
Package babel Info: Non-standard hyphenation setup on input line 114.
\l@nohyphenation=\language3
\l@german-x-2019-04-04=\language4
\l@ngerman-x-2019-04-04=\language5
\l@afrikaans=\language6
\l@ancientgreek=\language7
\l@ibycus=\language8
\l@arabic=\language9
\l@armenian=\language10
\l@basque=\language11
\l@belarusian=\language12
\l@bulgarian=\language13
\l@catalan=\language14
\l@pinyin=\language15
\l@churchslavonic=\language16
\l@coptic=\language17
\l@croatian=\language18
\l@czech=\language19
\l@danish=\language20
\l@dutch=\language21
\l@ukenglish=\language22
\l@usenglishmax=\language23
\l@esperanto=\language24
\l@estonian=\language25
\l@ethiopic=\language26
\l@farsi=\language27
\l@finnish=\language28
\l@french=\language29
\l@friulan=\language30
\l@galician=\language31
\l@georgian=\language32
\l@german=\language33
\l@ngerman=\language34
\l@swissgerman=\language35
\l@monogreek=\language36
\l@greek=\language37
\l@hungarian=\language38
\l@icelandic=\language39
\l@assamese=\language40
\l@bengali=\language41
\l@gujarati=\language42
\l@hindi=\language43
\l@kannada=\language44
\l@malayalam=\language45
\l@marathi=\language46
\l@oriya=\language47
\l@panjabi=\language48
\l@pali=\language49
\l@tamil=\language50
\l@telugu=\language51
\l@indonesian=\language52
\l@interlingua=\language53
\l@irish=\language54
\l@italian=\language55
\l@kurmanji=\language56
\l@latin=\language57
\l@classiclatin=\language58
\l@liturgicallatin=\language59
\l@latvian=\language60
\l@lithuanian=\language61
\l@mongolian=\language62
\l@mongolianlmc=\language63
\l@bokmal=\language64
\l@nynorsk=\language65
\l@occitan=\language66
\l@piedmontese=\language67
\l@polish=\language68
\l@portuguese=\language69
\l@romanian=\language70
\l@romansh=\language71
\l@russian=\language72
\l@sanskrit=\language73
\l@serbian=\language74
\l@serbianc=\language75
\l@slovak=\language76
\l@slovenian=\language77
\l@spanish=\language78
\l@swedish=\language79
\l@thai=\language80
\l@turkish=\language81
\l@turkmen=\language82
\l@ukrainian=\language83
\l@uppersorbian=\language84
\l@welsh=\language85
)
(/usr/local/texlive/2019/texmf-dist/tex/generic/babel-english/english.ldf
Language: english 2017/06/06 v3.3r English support from the babel system

(/usr/local/texlive/2019/texmf-dist/tex/generic/babel/babel.def
File: babel.def 2019/06/03 3.32 Babel common definitions
\babel@savecnt=\count82
\U@D=\dimen102

(/usr/local/texlive/2019/texmf-dist/tex/generic/babel/luababel.def
\bbl@attr@locale=\attribute6
))
\l@canadian = a dialect from \language\l@american 
\l@australian = a dialect from \language\l@british 
\l@newzealand = a dialect from \language\l@british 
)
(/usr/local/texlive/2019/texmf-dist/tex/generic/babel-german/ngerman.ldf
Language: ngerman 2018/12/08 v2.11 German support for babel (post-1996 orthograp
hy)

(/usr/local/texlive/2019/texmf-dist/tex/generic/babel-german/ngermanb.ldf
Language: ngermanb 2018/12/08 v2.11 German support for babel (post-1996 orthogra
phy)
Package babel Info: Making " an active character on input line 121.

(/usr/local/texlive/2019/texmf-dist/tex/generic/hyph-utf8/loadhyph/loadhyph-de-
1996.tex UTF-8 German hyphenation patterns (reformed orthography)
(/usr/local/texlive/2019/texmf-dist/tex/generic/hyph-utf8/patterns/tex/hyph-de-
1996.tex
German Hyphenation Patterns (Reformed Orthography, 2006) `dehyphn-x' 2019-04-04
 (WL)))))) (/usr/local/texlive/2019/texmf-dist/tex/latex/graphics/graphicx.sty
Package: graphicx 2017/06/01 v1.1a Enhanced LaTeX Graphics (DPC,SPQR)

(/usr/local/texlive/2019/texmf-dist/tex/latex/graphics/graphics.sty
Package: graphics 2017/06/25 v1.2c Standard LaTeX Graphics (DPC,SPQR)

(/usr/local/texlive/2019/texmf-dist/tex/latex/graphics/trig.sty
Package: trig 2016/01/03 v1.10 sin cos tan (DPC)
)
(/usr/local/texlive/2019/texmf-dist/tex/latex/graphics-cfg/graphics.cfg
File: graphics.cfg 2016/06/04 v1.11 sample graphics configuration
)
Package graphics Info: Driver file: luatex.def on input line 99.

(/usr/local/texlive/2019/texmf-dist/tex/latex/graphics-def/luatex.def
File: luatex.def 2018/01/08 v1.0l Graphics/color driver for luatex
))
\Gin@req@height=\dimen103
\Gin@req@width=\dimen104
)
(/usr/local/texlive/2019/texmf-dist/tex/latex/fontspec/fontspec.sty
(/usr/local/texlive/2019/texmf-dist/tex/latex/l3packages/xparse/xparse.sty
(/usr/local/texlive/2019/texmf-dist/tex/latex/l3kernel/expl3.sty
Package: expl3 2019-05-28 L3 programming layer (loader) 

(/usr/local/texlive/2019/texmf-dist/tex/latex/l3kernel/expl3-code.tex
Package: expl3 2019-05-28 L3 programming layer (code)
\ucharcat@table=\catcodetable5
\c_max_int=\count83
\l_tmpa_int=\count84
\l_tmpb_int=\count85
\g_tmpa_int=\count86
\g_tmpb_int=\count87
\g__kernel_prg_map_int=\count88
\c__ior_term_ior=\count89
\c_log_iow=\count90
\l_iow_line_count_int=\count91
\l__iow_line_target_int=\count92
\l__iow_one_indent_int=\count93
\l__iow_indent_int=\count94
\c_zero_dim=\dimen105
\c_max_dim=\dimen106
\l_tmpa_dim=\dimen107
\l_tmpb_dim=\dimen108
\g_tmpa_dim=\dimen109
\g_tmpb_dim=\dimen110
\c_zero_skip=\skip46
\c_max_skip=\skip47
\l_tmpa_skip=\skip48
\l_tmpb_skip=\skip49
\g_tmpa_skip=\skip50
\g_tmpb_skip=\skip51
\c_zero_muskip=\muskip10
\c_max_muskip=\muskip11
\l_tmpa_muskip=\muskip12
\l_tmpb_muskip=\muskip13
\g_tmpa_muskip=\muskip14
\g_tmpb_muskip=\muskip15
\l_keys_choice_int=\count95
\l__intarray_loop_int=\count96
\c__intarray_sp_dim=\dimen111
\g__intarray_font_int=\count97
\c__fp_leading_shift_int=\count98
\c__fp_middle_shift_int=\count99
\c__fp_trailing_shift_int=\count100
\c__fp_big_leading_shift_int=\count101
\c__fp_big_middle_shift_int=\count102
\c__fp_big_trailing_shift_int=\count103
\c__fp_Bigg_leading_shift_int=\count104
\c__fp_Bigg_middle_shift_int=\count105
\c__fp_Bigg_trailing_shift_int=\count106
\g__fp_array_int=\count107
\l__fp_array_loop_int=\count108
\l__sort_length_int=\count109
\l__sort_min_int=\count110
\l__sort_top_int=\count111
\l__sort_max_int=\count112
\l__sort_true_max_int=\count113
\l__sort_block_int=\count114
\l__sort_begin_int=\count115
\l__sort_end_int=\count116
\l__sort_A_int=\count117
\l__sort_B_int=\count118
\l__sort_C_int=\count119
\l__tl_analysis_normal_int=\count120
\l__tl_analysis_index_int=\count121
\l__tl_analysis_nesting_int=\count122
\l__tl_analysis_type_int=\count123
\l__regex_internal_a_int=\count124
\l__regex_internal_b_int=\count125
\l__regex_internal_c_int=\count126
\l__regex_balance_int=\count127
\l__regex_group_level_int=\count128
\l__regex_mode_int=\count129
\c__regex_cs_in_class_mode_int=\count130
\c__regex_cs_mode_int=\count131
\l__regex_catcodes_int=\count132
\l__regex_default_catcodes_int=\count133
\c__regex_catcode_L_int=\count134
\c__regex_catcode_O_int=\count135
\c__regex_catcode_A_int=\count136
\c__regex_all_catcodes_int=\count137
\l__regex_show_lines_int=\count138
\l__regex_min_state_int=\count139
\l__regex_max_state_int=\count140
\l__regex_left_state_int=\count141
\l__regex_right_state_int=\count142
\l__regex_capturing_group_int=\count143
\l__regex_min_pos_int=\count144
\l__regex_max_pos_int=\count145
\l__regex_curr_pos_int=\count146
\l__regex_start_pos_int=\count147
\l__regex_success_pos_int=\count148
\l__regex_curr_char_int=\count149
\l__regex_curr_catcode_int=\count150
\l__regex_last_char_int=\count151
\l__regex_case_changed_char_int=\count152
\l__regex_curr_state_int=\count153
\l__regex_step_int=\count154
\l__regex_min_active_int=\count155
\l__regex_max_active_int=\count156
\l__regex_replacement_csnames_int=\count157
\l__regex_match_count_int=\count158
\l__regex_min_submatch_int=\count159
\l__regex_submatch_int=\count160
\l__regex_zeroth_submatch_int=\count161
\g__regex_trace_regex_int=\count162
\c_empty_box=\box27
\l_tmpa_box=\box28
\l_tmpb_box=\box29
\g_tmpa_box=\box30
\g_tmpb_box=\box31
\l__box_top_dim=\dimen112
\l__box_bottom_dim=\dimen113
\l__box_left_dim=\dimen114
\l__box_right_dim=\dimen115
\l__box_top_new_dim=\dimen116
\l__box_bottom_new_dim=\dimen117
\l__box_left_new_dim=\dimen118
\l__box_right_new_dim=\dimen119
\l__box_internal_box=\box32
\l__coffin_internal_box=\box33
\l__coffin_internal_dim=\dimen120
\l__coffin_offset_x_dim=\dimen121
\l__coffin_offset_y_dim=\dimen122
\l__coffin_x_dim=\dimen123
\l__coffin_y_dim=\dimen124
\l__coffin_x_prime_dim=\dimen125
\l__coffin_y_prime_dim=\dimen126
\c_empty_coffin=\box34
\l__coffin_aligned_coffin=\box35
\l__coffin_aligned_internal_coffin=\box36
\l_tmpa_coffin=\box37
\l_tmpb_coffin=\box38
\g_tmpa_coffin=\box39
\g_tmpb_coffin=\box40
\l__coffin_bounding_shift_dim=\dimen127
\l__coffin_left_corner_dim=\dimen128
\l__coffin_right_corner_dim=\dimen129
\l__coffin_bottom_corner_dim=\dimen130
\l__coffin_top_corner_dim=\dimen131
\l__coffin_scaled_total_height_dim=\dimen132
\l__coffin_scaled_width_dim=\dimen133
\c__coffin_empty_coffin=\box41
\l__coffin_display_coffin=\box42
\l__coffin_display_coord_coffin=\box43
\l__coffin_display_pole_coffin=\box44
\l__coffin_display_offset_dim=\dimen134
\l__coffin_display_x_dim=\dimen135
\l__coffin_display_y_dim=\dimen136
\g__file_internal_ior=\read1
\l__seq_internal_a_int=\count163
\l__seq_internal_b_int=\count164
\c__deprecation_minus_one=\count165
)
(/usr/local/texlive/2019/texmf-dist/tex/latex/l3kernel/l3pdfmode.def
File: l3pdfmode.def 2019-04-06 v L3 Experimental driver: PDF mode
\l__driver_internal_box=\box45
\l__driver_color_stack_int=\count166
))
Package: xparse 2019-05-28 L3 Experimental document command parser
\l__xparse_current_arg_int=\count167
\g__xparse_grabber_int=\count168
\l__xparse_m_args_int=\count169
\l__xparse_v_nesting_int=\count170
)
Package: fontspec 2019/03/15 v2.7c Font selection for XeLaTeX and LuaLaTeX
Lua module: fontspec 2019/03/15 2.7c Font selection for XeLaTeX and LuaLaTeX
(/usr/local/texlive/2019/texmf-dist/tex/latex/fontspec/fontspec-luatex.sty
Package: fontspec-luatex 2019/03/15 v2.7c Font selection for XeLaTeX and LuaLaTe
X
\l__fontspec_script_int=\count171
\l__fontspec_language_int=\count172
\l__fontspec_strnum_int=\count173
\l__fontspec_tmp_int=\count174
\l__fontspec_tmpa_int=\count175
\l__fontspec_tmpb_int=\count176
\l__fontspec_tmpc_int=\count177
\l__fontspec_em_int=\count178
\l__fontspec_emdef_int=\count179
\l__fontspec_strong_int=\count180
\l__fontspec_strongdef_int=\count181
\l__fontspec_tmpa_dim=\dimen137
\l__fontspec_tmpb_dim=\dimen138
\l__fontspec_tmpc_dim=\dimen139

(/usr/local/texlive/2019/texmf-dist/tex/latex/base/fontenc.sty
Package: fontenc 2018/08/11 v2.0j Standard LaTeX package

(/usr/local/texlive/2019/texmf-dist/tex/latex/base/tuenc.def
File: tuenc.def 2018/08/11 v2.0j Standard LaTeX file
LaTeX Font Info:    Redeclaring font encoding TU on input line 82.
))
(/usr/local/texlive/2019/texmf-dist/tex/latex/fontspec/fontspec.cfg)
LaTeX Info: Redefining \itshape on input line 3783.
LaTeX Info: Redefining \slshape on input line 3788.
LaTeX Info: Redefining \scshape on input line 3793.
LaTeX Info: Redefining \upshape on input line 3798.
LaTeX Info: Redefining \em on input line 3828.
LaTeX Info: Redefining \emph on input line 3853.
))
luaotfload | cache : Lookup cache loaded from /usr/local/texlive/2019/texmf-var/
luatex-cache/generic/names/luaotfload-lookup-cache.luc.
luaotfload | aux : font no 29 (nil) does not define feature smcp for script latn
 with language dflt
luaotfload | aux : no font with id 29
luaotfload | aux : font no 34 (nil) does not define feature smcp for script latn
 with language dflt
luaotfload | aux : no font with id 34
luaotfload | aux : font no 35 (nil) does not define feature smcp for script latn
 with language dflt
luaotfload | aux : no font with id 35
luaotfload | aux : font no 36 (nil) does not define feature smcp for script latn
 with language dflt
luaotfload | aux : no font with id 36

Package fontspec Info: Font family 'Verdana(0)' created for font 'Verdana'
(fontspec)             with options [Ligatures=TeX].
(fontspec)              
(fontspec)              This font family consists of the following NFSS
(fontspec)             series/shapes:
(fontspec)              
(fontspec)             - 'normal' (m/n) with NFSS spec.:
(fontspec)             <->"Verdana:mode=node;script=latn;language=DFLT;+tlig;"
(fontspec)             - 'small caps'  (m/sc) with NFSS spec.: 
(fontspec)             - 'bold' (bx/n) with NFSS spec.:
(fontspec)             <->"Verdana/B:mode=node;script=latn;language=DFLT;+tlig;"

(fontspec)             - 'bold small caps'  (bx/sc) with NFSS spec.: 
(fontspec)             - 'italic' (m/it) with NFSS spec.:
(fontspec)             <->"Verdana/I:mode=node;script=latn;language=DFLT;+tlig;"

(fontspec)             - 'italic small caps'  (m/itsc) with NFSS spec.: 
(fontspec)             - 'bold italic' (bx/it) with NFSS spec.:
(fontspec)             <->"Verdana/BI:mode=node;script=latn;language=DFLT;+tlig;
"
(fontspec)             - 'bold italic small caps'  (bx/itsc) with NFSS spec.: 

LaTeX Info: Redefining \rmfamily on input line 42.

(/usr/local/texlive/2019/texmf-dist/tex/latex/marvosym/marvosym.sty
Package: marvosym 2011/07/20 v2.2 Martin Vogel's Symbols font definitions
)
(/usr/local/texlive/2019/texmf-dist/tex/latex/koma-script/scrlayer-scrpage.sty
Package: scrlayer-scrpage 2019/02/01 v3.26b KOMA-Script package (end user interf
ace for scrlayer)

(/usr/local/texlive/2019/texmf-dist/tex/latex/koma-script/scrlayer.sty
Package: scrlayer 2019/02/01 v3.26b KOMA-Script package (defining layers and pag
e styles)
Package scrlayer Info: Using already defined \footheight
(scrlayer)             hoping, that this is a length and
(scrlayer)             not only a macro on input line 109.
Package scrlayer Info: patching LaTeX kernel macro \pagestyle on input line 2083
.
)
Package scrlayer-scrpage Info: Makeing stand-alone element `pagehead' from
(scrlayer-scrpage)             alias to `pageheadfoot' on input line 1241.
Package scrlayer-scrpage Info: deactivating warning for font element
(scrlayer-scrpage)             `pagehead' on input line 1254.
)
Package scrlayer-scrpage Info: auto-selection of `pagestyleset=KOMA-Script'.

(/usr/local/texlive/2019/texmf-dist/tex/latex/geometry/geometry.sty
Package: geometry 2018/04/16 v5.8 Page Geometry

(/usr/local/texlive/2019/texmf-dist/tex/generic/oberdiek/ifpdf.sty
Package: ifpdf 2018/09/07 v3.3 Provides the ifpdf switch
)
(/usr/local/texlive/2019/texmf-dist/tex/generic/oberdiek/ifvtex.sty
Package: ifvtex 2016/05/16 v1.6 Detect VTeX and its facilities (HO)
Package ifvtex Info: VTeX not detected.
)
(/usr/local/texlive/2019/texmf-dist/tex/generic/ifxetex/ifxetex.sty
Package: ifxetex 2010/09/12 v0.6 Provides ifxetex conditional
)
\Gm@cnth=\count182
\Gm@cntv=\count183
\c@Gm@tempcnt=\count184
\Gm@bindingoffset=\dimen140
\Gm@wd@mp=\dimen141
\Gm@odd@mp=\dimen142
\Gm@even@mp=\dimen143
\Gm@layoutwidth=\dimen144
\Gm@layoutheight=\dimen145
\Gm@layouthoffset=\dimen146
\Gm@layoutvoffset=\dimen147
\Gm@dimlist=\toks15
))
Class scrlttr2 Info: Letter-Class-Option `HUBerlin-letter' loaded on input line 
19.

(./HUBerlin-letter.lco
File: HUBerlin-letter.lco 
)
(/usr/local/texlive/2019/texmf-dist/tex/latex/blindtext/blindtext.sty
Package: blindtext 2012/01/06 V2.0 blindtext-Package

(/usr/local/texlive/2019/texmf-dist/tex/latex/tools/xspace.sty
Package: xspace 2014/10/28 v1.13 Space after command names (DPC,MH)
)
\c@blindtext=\count185
\c@Blindtext=\count186
\c@blind@countparstart=\count187
\blind@countxx=\count188
\blindtext@numBlindtext=\count189
\blind@countyy=\count190
\c@blindlist=\count191
\c@blindlistlevel=\count192
\c@blindlist@level=\count193
\blind@listitem=\count194
\c@blind@listcount=\count195
\c@blind@levelcount=\count196
\blind@mathformula=\count197
\blind@Mathformula=\count198
\c@blind@randomcount=\count199
\c@blind@randommax=\count266
\c@blind@pangramcount=\count267
\c@blind@pangrammax=\count268
)
(./HUBerlin-letter.aux)
\openout1 = HUBerlin-letter.aux

LaTeX Font Info:    Checking defaults for OML/cmm/m/it on input line 27.
LaTeX Font Info:    ... okay on input line 27.
LaTeX Font Info:    Checking defaults for T1/cmr/m/n on input line 27.
LaTeX Font Info:    ... okay on input line 27.
LaTeX Font Info:    Checking defaults for OT1/cmr/m/n on input line 27.
LaTeX Font Info:    ... okay on input line 27.
LaTeX Font Info:    Checking defaults for OMS/cmsy/m/n on input line 27.
LaTeX Font Info:    ... okay on input line 27.
LaTeX Font Info:    Checking defaults for TU/lmr/m/n on input line 27.
LaTeX Font Info:    ... okay on input line 27.
LaTeX Font Info:    Checking defaults for OMX/cmex/m/n on input line 27.
LaTeX Font Info:    ... okay on input line 27.
LaTeX Font Info:    Checking defaults for U/cmr/m/n on input line 27.
LaTeX Font Info:    ... okay on input line 27.
Class scrlttr2 Info: no date found for language `american'
(scrlttr2)           --> skipped on input line 27.
Class scrlttr2 Info: no date found for language `australien'
(scrlttr2)           --> skipped on input line 27.
Class scrlttr2 Info: no date found for language `british'
(scrlttr2)           --> skipped on input line 27.
Class scrlttr2 Info: no date found for language `canadian'
(scrlttr2)           --> skipped on input line 27.
Class scrlttr2 Info: no date found for language `newzealand'
(scrlttr2)           --> skipped on input line 27.
Class scrlttr2 Info: no date found for language `UKenglish'
(scrlttr2)           --> skipped on input line 27.
Class scrlttr2 Info: no date found for language `ukenglish'
(scrlttr2)           --> skipped on input line 27.
Class scrlttr2 Info: no date found for language `USenglish'
(scrlttr2)           --> skipped on input line 27.
Class scrlttr2 Info: no date found for language `usenglish'
(scrlttr2)           --> skipped on input line 27.
Package scrbase Info: activating ngerman \yourrefname on input line 27.
Package scrbase Info: activating ngerman \yourmailname on input line 27.
Package scrbase Info: activating ngerman \myrefname on input line 27.
Package scrbase Info: activating ngerman \customername on input line 27.
Package scrbase Info: activating ngerman \invoicename on input line 27.
Package scrbase Info: activating ngerman \subjectname on input line 27.
Package scrbase Info: activating ngerman \headfromname on input line 27.
Package scrbase Info: activating ngerman \datename on input line 27.
Package scrbase Info: activating ngerman \phonename on input line 27.
Package scrbase Info: activating ngerman \mobilephonename on input line 27.
Package scrbase Info: activating ngerman \faxname on input line 27.
Package scrbase Info: activating ngerman \emailname on input line 27.
Package scrbase Info: activating ngerman \wwwname on input line 27.
Package scrbase Info: activating ngerman \bankname on input line 27.
Class scrlttr2 Info: no date found for language `german'
(scrlttr2)           --> skipped on input line 27.
Class scrlttr2 Info: no date found for language `austrian'
(scrlttr2)           --> skipped on input line 27.
Class scrlttr2 Info: no date found for language `naustrian'
(scrlttr2)           --> skipped on input line 27.
Class scrlttr2 Info: no date found for language `swissgerman'
(scrlttr2)           --> skipped on input line 27.
Class scrlttr2 Info: no date found for language `nswissgerman'
(scrlttr2)           --> skipped on input line 27.
Class scrlttr2 Info: no date found for language `acadian'
(scrlttr2)           --> skipped on input line 27.
Class scrlttr2 Info: no date found for language `canadien'
(scrlttr2)           --> skipped on input line 27.
Class scrlttr2 Info: no date found for language `francais'
(scrlttr2)           --> skipped on input line 27.
Class scrlttr2 Info: no date found for language `french'
(scrlttr2)           --> skipped on input line 27.
Class scrlttr2 Info: no date found for language `italian'
(scrlttr2)           --> skipped on input line 27.
Class scrlttr2 Info: no date found for language `spanish'
(scrlttr2)           --> skipped on input line 27.
Class scrlttr2 Info: no date found for language `croatian'
(scrlttr2)           --> skipped on input line 27.
Class scrlttr2 Info: no date found for language `dutch'
(scrlttr2)           --> skipped on input line 27.
Class scrlttr2 Info: no date found for language `finnish'
(scrlttr2)           --> skipped on input line 27.
Class scrlttr2 Info: no date found for language `norsk'
(scrlttr2)           --> skipped on input line 27.
Class scrlttr2 Info: no date found for language `swedish'
(scrlttr2)           --> skipped on input line 27.
Class scrlttr2 Info: no date found for language `polish'
(scrlttr2)           --> skipped on input line 27.
Class scrlttr2 Info: no date found for language `czech'
(scrlttr2)           --> skipped on input line 27.
Class scrlttr2 Info: no date found for language `slovak'
(scrlttr2)           --> skipped on input line 27.
Class scrlttr2 Info: trying to activate captions and date
(scrlttr2)           of language `ngerman' on input line 27.
Class scrlttr2 Info: used language is `ngerman'.
(scrlttr2)           Supported languages are: `english', `UKenglish',
(scrlttr2)           `ukenglish', `british', `american', `USenglish',
(scrlttr2)           `usenglish', `australian`,`canadian', `newzealand',
(scrlttr2)           `german', `ngerman', `austrian', `naustrian',
(scrlttr2)           `swissgerman', `nswissgermsn',
(scrlttr2)           `acadian', `canadien', `francais', `french', 
(scrlttr2)           `dutch', `italian', `spanish', `polish',
(scrlttr2)           `croatian', `finnish', `norsk', `swedish',
(scrlttr2)           `czech', `slovak' on input line 27.

(/usr/local/texlive/2019/texmf-dist/tex/context/base/mkii/supp-pdf.mkii
[Loading MPS to PDF converter (version 2006.09.02).]
\scratchcounter=\count269
\scratchdimen=\dimen148
\scratchbox=\box46
\nofMPsegments=\count270
\nofMParguments=\count271
\everyMPshowfont=\toks16
\MPscratchCnt=\count272
\MPscratchDim=\dimen149
\MPnumerator=\count273
\makeMPintoPDFobject=\count274
\everyMPtoPDFconversion=\toks17
) (/usr/local/texlive/2019/texmf-dist/tex/latex/oberdiek/epstopdf-base.sty
Package: epstopdf-base 2016/05/15 v2.6 Base part for package epstopdf

(/usr/local/texlive/2019/texmf-dist/tex/generic/oberdiek/infwarerr.sty
Package: infwarerr 2016/05/16 v1.4 Providing info/warning/error messages (HO)
)
(/usr/local/texlive/2019/texmf-dist/tex/latex/oberdiek/grfext.sty
Package: grfext 2016/05/16 v1.2 Manage graphics extensions (HO)

(/usr/local/texlive/2019/texmf-dist/tex/generic/oberdiek/kvdefinekeys.sty
Package: kvdefinekeys 2016/05/16 v1.4 Define keys (HO)

(/usr/local/texlive/2019/texmf-dist/tex/generic/oberdiek/ltxcmds.sty
Package: ltxcmds 2016/05/16 v1.23 LaTeX kernel commands for general use (HO)
)))
(/usr/local/texlive/2019/texmf-dist/tex/latex/oberdiek/kvoptions.sty
Package: kvoptions 2016/05/16 v3.12 Key value format for package options (HO)

(/usr/local/texlive/2019/texmf-dist/tex/generic/oberdiek/kvsetkeys.sty
Package: kvsetkeys 2016/05/16 v1.17 Key value parser (HO)

(/usr/local/texlive/2019/texmf-dist/tex/generic/oberdiek/etexcmds.sty
Package: etexcmds 2016/05/16 v1.6 Avoid name clashes with e-TeX commands (HO)
)))
(/usr/local/texlive/2019/texmf-dist/tex/generic/oberdiek/pdftexcmds.sty
Package: pdftexcmds 2018/09/10 v0.29 Utility functions of pdfTeX for LuaTeX (HO)

Package pdftexcmds Info: \pdf@primitive is available.
Package pdftexcmds Info: \pdf@ifprimitive is available.
Package pdftexcmds Info: \pdfdraftmode found.
\pdftexcmds@toks=\toks18
)
Package epstopdf-base Info: Redefining graphics rule for `.eps' on input line 43
8.
Package grfext Info: Graphics extension search list:
(grfext)             [.pdf,.png,.jpg,.mps,.jpeg,.jbig2,.jb2,.PDF,.PNG,.JPG,.JPEG
,.JBIG2,.JB2,.eps]
(grfext)             \AppendGraphicsExtensions on input line 456.

(/usr/local/texlive/2019/texmf-dist/tex/latex/latexconfig/epstopdf-sys.cfg
File: epstopdf-sys.cfg 2010/07/13 v1.3 Configuration of (r)epstopdf for TeX Live

))

Package fontspec Info: Adjusting the maths setup (use [no-math] to avoid
(fontspec)             this).

\symlegacymaths=\mathgroup4
LaTeX Font Info:    Overwriting symbol font `legacymaths' in version `bold'
(Font)                  OT1/cmr/m/n --> OT1/cmr/bx/n on input line 27.
LaTeX Font Info:    Redeclaring math accent \acute on input line 27.
LaTeX Font Info:    Redeclaring math accent \grave on input line 27.
LaTeX Font Info:    Redeclaring math accent \ddot on input line 27.
LaTeX Font Info:    Redeclaring math accent \tilde on input line 27.
LaTeX Font Info:    Redeclaring math accent \bar on input line 27.
LaTeX Font Info:    Redeclaring math accent \breve on input line 27.
LaTeX Font Info:    Redeclaring math accent \check on input line 27.
LaTeX Font Info:    Redeclaring math accent \hat on input line 27.
LaTeX Font Info:    Redeclaring math accent \dot on input line 27.
LaTeX Font Info:    Redeclaring math accent \mathring on input line 27.
LaTeX Font Info:    Redeclaring math symbol \colon on input line 27.
LaTeX Font Info:    Redeclaring math symbol \Gamma on input line 27.
LaTeX Font Info:    Redeclaring math symbol \Delta on input line 27.
LaTeX Font Info:    Redeclaring math symbol \Theta on input line 27.
LaTeX Font Info:    Redeclaring math symbol \Lambda on input line 27.
LaTeX Font Info:    Redeclaring math symbol \Xi on input line 27.
LaTeX Font Info:    Redeclaring math symbol \Pi on input line 27.
LaTeX Font Info:    Redeclaring math symbol \Sigma on input line 27.
LaTeX Font Info:    Redeclaring math symbol \Upsilon on input line 27.
LaTeX Font Info:    Redeclaring math symbol \Phi on input line 27.
LaTeX Font Info:    Redeclaring math symbol \Psi on input line 27.
LaTeX Font Info:    Redeclaring math symbol \Omega on input line 27.
LaTeX Font Info:    Redeclaring math symbol \mathdollar on input line 27.
LaTeX Font Info:    Redeclaring symbol font `operators' on input line 27.
LaTeX Font Info:    Encoding `OT1' has changed to `TU' for symbol font
(Font)              `operators' in the math version `normal' on input line 27.
LaTeX Font Info:    Overwriting symbol font `operators' in version `normal'
(Font)                  OT1/cmr/m/n --> TU/Verdana(0)/m/n on input line 27.
LaTeX Font Info:    Encoding `OT1' has changed to `TU' for symbol font
(Font)              `operators' in the math version `bold' on input line 27.
LaTeX Font Info:    Overwriting symbol font `operators' in version `bold'
(Font)                  OT1/cmr/bx/n --> TU/Verdana(0)/m/n on input line 27.
LaTeX Font Info:    Overwriting symbol font `operators' in version `normal'
(Font)                  TU/Verdana(0)/m/n --> TU/Verdana(0)/m/n on input line 27
.
LaTeX Font Info:    Overwriting math alphabet `\mathit' in version `normal'
(Font)                  OT1/cmr/m/it --> TU/Verdana(0)/m/it on input line 27.
LaTeX Font Info:    Overwriting math alphabet `\mathbf' in version `normal'
(Font)                  OT1/cmr/bx/n --> TU/Verdana(0)/bx/n on input line 27.
LaTeX Font Info:    Overwriting math alphabet `\mathsf' in version `normal'
(Font)                  OT1/cmss/m/n --> TU/lmss/m/n on input line 27.
LaTeX Font Info:    Overwriting math alphabet `\mathtt' in version `normal'
(Font)                  OT1/cmtt/m/n --> TU/lmtt/m/n on input line 27.
LaTeX Font Info:    Overwriting symbol font `operators' in version `bold'
(Font)                  TU/Verdana(0)/m/n --> TU/Verdana(0)/bx/n on input line 2
7.
LaTeX Font Info:    Overwriting math alphabet `\mathit' in version `bold'
(Font)                  OT1/cmr/bx/it --> TU/Verdana(0)/bx/it on input line 27.
LaTeX Font Info:    Overwriting math alphabet `\mathsf' in version `bold'
(Font)                  OT1/cmss/bx/n --> TU/lmss/bx/n on input line 27.
LaTeX Font Info:    Overwriting math alphabet `\mathtt' in version `bold'
(Font)                  OT1/cmtt/m/n --> TU/lmtt/bx/n on input line 27.


Package scrlayer-scrpage Warning: Very small head height detected!
(scrlayer-scrpage)                Using scrlayer-scrpage the head height
(scrlayer-scrpage)                should be at least \baselineskip, which is
(scrlayer-scrpage)                12.0pt currently.
(scrlayer-scrpage)                But head height is currently 0.0pt only.
(scrlayer-scrpage)                You may use
(scrlayer-scrpage)                geometry option `head=12.0pt'
(scrlayer-scrpage)                \relax to avoid this warning.

*geometry* driver: auto-detecting
*geometry* detected driver: luatex
*geometry* verbose mode - [ preamble ] result:
* driver: luatex
* paper: a4paper
* layout: <same size as paper>
* layoutoffset:(h,v)=(0.0pt,0.0pt)
* modes: 
* h-part:(L,W,R)=(71.13188pt, 332.89723pt, 193.47876pt)
* v-part:(T,H,B)=(219.08621pt, 580.43623pt, 45.5244pt)
* \paperwidth=597.50787pt
* \paperheight=845.04684pt
* \textwidth=332.89723pt
* \textheight=580.43623pt
* \oddsidemargin=-1.1381pt
* \evensidemargin=-1.1381pt
* \topmargin=146.81622pt
* \headheight=0.0pt
* \headsep=0.0pt
* \topskip=10.0pt
* \footskip=11.38109pt
* \marginparwidth=0.0pt
* \marginparsep=0.0pt
* \columnsep=0.0pt
* \skip\footins=9.0pt plus 4.0pt minus 2.0pt
* \hoffset=0.0pt
* \voffset=0.0pt
* \mag=1000
* \@twocolumnfalse
* \@twosidefalse
* \@mparswitchfalse
* \@reversemarginfalse
* (1in=72.27pt=25.4mm, 1cm=28.453pt)

Foldmarks: yes
Head of first page
<HUBerlin-logo.png, id=1, 660.066pt x 130.92915pt>
File: HUBerlin-logo.png Graphic file (type png)
<use HUBerlin-logo.png>
Package luatex.def Info: HUBerlin-logo.png  used on input line 33.
(luatex.def)             Requested size: 421.10078pt x 83.52864pt.
File: HUBerlin-logo.png Graphic file (type png)
<use HUBerlin-logo.png>
Package luatex.def Info: HUBerlin-logo.png  used on input line 33.
(luatex.def)             Requested size: 421.10078pt x 83.52864pt.
Foot of first page
Address (backaddress, addressee)
Location field: yes
LaTeX Font Info:    Try loading font information for U+mvs on input line 33.
(/usr/local/texlive/2019/texmf-dist/tex/latex/marvosym/umvs.fd)
Overfull \hbox (3.31856pt too wide) in paragraph at lines 33--33
[][]  
 []


Overfull \hbox (3.31856pt too wide) in paragraph at lines 33--33
[][]  
 []

Title: no
Subject: before opening
[1



{/usr/local/texlive/2019/texmf-var/fonts/map/pdftex/updmap/pdftex.map}</usr/loca
l/texlive/texmf-local/tex/latex/HUBerlin-bundle/HUBerlin-logo.png>]
LaTeX Font Info:    External font `cmex10' loaded for size
(Font)              <7> on input line 37.
LaTeX Font Info:    External font `cmex10' loaded for size
(Font)              <5> on input line 37.
LaTeX Font Info:    Font shape `TU/Verdana(0)/m/sl' in size <10> not available
(Font)              Font shape `TU/Verdana(0)/m/it' tried instead on input line 
47.


Package scrlayer-scrpage Warning: \headheight to low.
(scrlayer-scrpage)                At least 12.0pt needed,
(scrlayer-scrpage)                but only 0.0pt found.
(scrlayer-scrpage)                I'll enlarge \headheight, for further
(scrlayer-scrpage)                processing, but you should do this yourself,
(scrlayer-scrpage)                e.g., setting geometry's option
(scrlayer-scrpage)                `head=12.0pt'.
(scrlayer-scrpage)                I'll also decrease \topmargin on input line 47
.


Overfull \vbox (12.0pt too high) has occurred while \output is active []

File: HUBerlin-logo.png Graphic file (type png)
<use HUBerlin-logo.png>
Package luatex.def Info: HUBerlin-logo.png  used on input line 47.
(luatex.def)             Requested size: 421.10078pt x 83.52864pt.
 [2

]
(./HUBerlin-letter.aux))

Here is how much of LuaTeX's memory you used:
 17705 strings out of 494291
 100000,662416 words of node,token memory allocated
 467 words of node memory still in use:
   4 hlist, 1 vlist, 1 rule, 1 dir, 3 glue, 3 kern, 1 glyph, 11 attribute, 52 gl
ue_spec, 7 attribute_list, 1 write nodes
   avail lists: 2:440,3:101,4:19,5:61,6:63,7:3091,8:1,9:196,10:15,11:244
 21514 multiletter control sequences out of 65536+600000
 58 fonts using 9455295 bytes
 61i,20n,80p,381b,573s stack positions out of 5000i,500n,10000p,200000b,100000s
</Library/Fonts/Verdana Bold.ttf></Library/Fonts/Verdana.ttf></usr/local/texlive
/2019/texmf-dist/fonts/opentype/public/lm/lmsans8-regular.otf></usr/local/texliv
e/2019/texmf-dist/fonts/type1/public/marvosym/marvosym.pfb>
Output written on HUBerlin-letter.pdf (2 pages, 187681 bytes).

PDF statistics: 38 PDF objects out of 1000 (max. 8388607)
 21 compressed objects within 1 object stream
 0 named destinations out of 1000 (max. 131072)
 1 words of extra memory for PDF output out of 10000 (max. 100000000)

